
SQL*Loader: Release 8.1.6.0.0 - Production on Tue Sep 19 13:53:17 2000

(c) Copyright 1999 Oracle Corporation.  All rights reserved.

Control File:   CENTER_CODES.ctl
Data File:      CENTER_CODES.dat
  Bad File:     CENTER_CODES.bad
  Discard File:  none specified
 
 (Allow all discards)

Number to load: ALL
Number to skip: 0
Errors allowed: 50
Bind array:     64 rows, maximum of 65536 bytes
Continuation:    none specified
Path used:      Conventional

Table CENTER_CODES_TB, loaded from every logical record.
Insert option in effect for this table: APPEND
TRAILING NULLCOLS option in effect

   Column Name                  Position   Len  Term Encl Datatype
------------------------------ ---------- ----- ---- ---- ---------------------
CODE                                FIRST     *   |       CHARACTER            
NAME                                 NEXT     *   |       CHARACTER            


Table CENTER_CODES_TB:
  4 Rows successfully loaded.
  0 Rows not loaded due to data errors.
  0 Rows not loaded because all WHEN clauses were failed.
  0 Rows not loaded because all fields were null.


Space allocated for bind array:                  33024 bytes(64 rows)
Space allocated for memory besides bind array:        0 bytes

Total logical records skipped:          0
Total logical records read:             4
Total logical records rejected:         0
Total logical records discarded:        0

Run began on Tue Sep 19 13:53:17 2000
Run ended on Tue Sep 19 13:53:20 2000

Elapsed time was:     00:00:02.73
CPU time was:         00:00:00.11    
